# JRE version: Java(TM) SE Runtime Environment (8.0_192-b12) (build 1.8.0_192-b12)
# Java VM: Java HotSpot(TM) 64-Bit Server VM (25.192-b12 mixed mode windows-amd64 compressed oops)
Heap:
 PSYoungGen      total 63488K, used 63487K [0x00000000eb180000, 0x00000000ef800000, 0x0000000100000000)
  eden space 56832K, 100% used [0x00000000eb180000,0x00000000ee900000,0x00000000ee900000)
  from space 6656K, 99% used [0x00000000ef080000,0x00000000ef6ffe70,0x00000000ef700000)
  to   space 7680K, 0% used [0x00000000ee900000,0x00000000ee900000,0x00000000ef080000)
 ParOldGen       total 141312K, used 115135K [0x00000000c1400000, 0x00000000c9e00000, 0x00000000eb180000)
  object space 141312K, 81% used [0x00000000c1400000,0x00000000c846fd48,0x00000000c9e00000)
 Metaspace       used 29814K, capacity 30488K, committed 30720K, reserved 1075200K
  class space    used 3874K, capacity 4023K, committed 4096K, reserved 1048576K
GC Heap History (10 events):
Event: 4.396 GC heap before
{Heap before GC invocations=5 (full 0):
 PSYoungGen      total 18944K, used 2870K [0x00000000eb180000, 0x00000000ec680000, 0x0000000100000000)
  eden space 16384K, 1% used [0x00000000eb180000,0x00000000eb1d05d8,0x00000000ec180000)
  from space 2560K, 99% used [0x00000000ec400000,0x00000000ec67d500,0x00000000ec680000)
  to   space 2560K, 0% used [0x00000000ec180000,0x00000000ec180000,0x00000000ec400000)
 ParOldGen       total 125440K, used 113705K [0x00000000c1400000, 0x00000000c8e80000, 0x00000000eb180000)
  object space 125440K, 90% used [0x00000000c1400000,0x00000000c830a718,0x00000000c8e80000)
 Metaspace       used 20553K, capacity 21186K, committed 21248K, reserved 1067008K
  class space    used 2845K, capacity 3022K, committed 3072K, reserved 1048576K
Event: 4.400 GC heap after
Heap after GC invocations=5 (full 0):
 PSYoungGen      total 18944K, used 2533K [0x00000000eb180000, 0x00000000edd80000, 0x0000000100000000)
  eden space 16384K, 0% used [0x00000000eb180000,0x00000000eb180000,0x00000000ec180000)
  from space 2560K, 98% used [0x00000000ec180000,0x00000000ec3f94f0,0x00000000ec400000)
  to   space 6144K, 0% used [0x00000000ed780000,0x00000000ed780000,0x00000000edd80000)
 ParOldGen       total 125440K, used 113792K [0x00000000c1400000, 0x00000000c8e80000, 0x00000000eb180000)
  object space 125440K, 90% used [0x00000000c1400000,0x00000000c8320368,0x00000000c8e80000)
 Metaspace       used 20553K, capacity 21186K, committed 21248K, reserved 1067008K
  class space    used 2845K, capacity 3022K, committed 3072K, reserved 1048576K
}
Event: 4.400 GC heap before
{Heap before GC invocations=6 (full 1):
 PSYoungGen      total 18944K, used 2533K [0x00000000eb180000, 0x00000000edd80000, 0x0000000100000000)
  eden space 16384K, 0% used [0x00000000eb180000,0x00000000eb180000,0x00000000ec180000)
  from space 2560K, 98% used [0x00000000ec180000,0x00000000ec3f94f0,0x00000000ec400000)
  to   space 6144K, 0% used [0x00000000ed780000,0x00000000ed780000,0x00000000edd80000)
 ParOldGen       total 125440K, used 113792K [0x00000000c1400000, 0x00000000c8e80000, 0x00000000eb180000)
  object space 125440K, 90% used [0x00000000c1400000,0x00000000c8320368,0x00000000c8e80000)
 Metaspace       used 20553K, capacity 21186K, committed 21248K, reserved 1067008K
  class space    used 2845K, capacity 3022K, committed 3072K, reserved 1048576K
Event: 4.454 GC heap after
Heap after GC invocations=6 (full 1):
 PSYoungGen      total 18944K, used 0K [0x00000000eb180000, 0x00000000edd80000, 0x0000000100000000)
  eden space 16384K, 0% used [0x00000000eb180000,0x00000000eb180000,0x00000000ec180000)
  from space 2560K, 0% used [0x00000000ec180000,0x00000000ec180000,0x00000000ec400000)
  to   space 6144K, 0% used [0x00000000ed780000,0x00000000ed780000,0x00000000edd80000)
 ParOldGen       total 141312K, used 114684K [0x00000000c1400000, 0x00000000c9e00000, 0x00000000eb180000)
  object space 141312K, 81% used [0x00000000c1400000,0x00000000c83ff0c0,0x00000000c9e00000)
 Metaspace       used 20553K, capacity 21186K, committed 21248K, reserved 1067008K
  class space    used 2845K, capacity 3022K, committed 3072K, reserved 1048576K
}
Event: 5.672 GC heap before
{Heap before GC invocations=7 (full 1):
 PSYoungGen      total 18944K, used 16384K [0x00000000eb180000, 0x00000000edd80000, 0x0000000100000000)
  eden space 16384K, 100% used [0x00000000eb180000,0x00000000ec180000,0x00000000ec180000)
  from space 2560K, 0% used [0x00000000ec180000,0x00000000ec180000,0x00000000ec400000)
  to   space 6144K, 0% used [0x00000000ed780000,0x00000000ed780000,0x00000000edd80000)
 ParOldGen       total 141312K, used 114684K [0x00000000c1400000, 0x00000000c9e00000, 0x00000000eb180000)
  object space 141312K, 81% used [0x00000000c1400000,0x00000000c83ff0c0,0x00000000c9e00000)
 Metaspace       used 24497K, capacity 25172K, committed 25344K, reserved 1071104K
  class space    used 3294K, capacity 3473K, committed 3584K, reserved 1048576K
Event: 5.679 GC heap after
Heap after GC invocations=7 (full 1):
 PSYoungGen      total 34816K, used 3517K [0x00000000eb180000, 0x00000000edb00000, 0x0000000100000000)
  eden space 31232K, 0% used [0x00000000eb180000,0x00000000eb180000,0x00000000ed000000)
  from space 3584K, 98% used [0x00000000ed780000,0x00000000edaef4b0,0x00000000edb00000)
  to   space 5632K, 0% used [0x00000000ed000000,0x00000000ed000000,0x00000000ed580000)
 ParOldGen       total 141312K, used 114692K [0x00000000c1400000, 0x00000000c9e00000, 0x00000000eb180000)
  object space 141312K, 81% used [0x00000000c1400000,0x00000000c84010c0,0x00000000c9e00000)
 Metaspace       used 24497K, capacity 25172K, committed 25344K, reserved 1071104K
  class space    used 3294K, capacity 3473K, committed 3584K, reserved 1048576K
}
Event: 6.461 GC heap before
{Heap before GC invocations=8 (full 1):
 PSYoungGen      total 34816K, used 34749K [0x00000000eb180000, 0x00000000edb00000, 0x0000000100000000)
  eden space 31232K, 100% used [0x00000000eb180000,0x00000000ed000000,0x00000000ed000000)
  from space 3584K, 98% used [0x00000000ed780000,0x00000000edaef4b0,0x00000000edb00000)
  to   space 5632K, 0% used [0x00000000ed000000,0x00000000ed000000,0x00000000ed580000)
 ParOldGen       total 141312K, used 114692K [0x00000000c1400000, 0x00000000c9e00000, 0x00000000eb180000)
  object space 141312K, 81% used [0x00000000c1400000,0x00000000c84010c0,0x00000000c9e00000)
 Metaspace       used 27822K, capacity 28486K, committed 28800K, reserved 1075200K
  class space    used 3725K, capacity 3892K, committed 3968K, reserved 1048576K
Event: 6.469 GC heap after
Heap after GC invocations=8 (full 1):
 PSYoungGen      total 36864K, used 5620K [0x00000000eb180000, 0x00000000ef700000, 0x0000000100000000)
  eden space 31232K, 0% used [0x00000000eb180000,0x00000000eb180000,0x00000000ed000000)
  from space 5632K, 99% used [0x00000000ed000000,0x00000000ed57d260,0x00000000ed580000)
  to   space 6656K, 0% used [0x00000000ef080000,0x00000000ef080000,0x00000000ef700000)
 ParOldGen       total 141312K, used 114700K [0x00000000c1400000, 0x00000000c9e00000, 0x00000000eb180000)
  object space 141312K, 81% used [0x00000000c1400000,0x00000000c84030c0,0x00000000c9e00000)
 Metaspace       used 27822K, capacity 28486K, committed 28800K, reserved 1075200K
  class space    used 3725K, capacity 3892K, committed 3968K, reserved 1048576K
}
Event: 7.855 GC heap before
{Heap before GC invocations=9 (full 1):
 PSYoungGen      total 36864K, used 36852K [0x00000000eb180000, 0x00000000ef700000, 0x0000000100000000)
  eden space 31232K, 100% used [0x00000000eb180000,0x00000000ed000000,0x00000000ed000000)
  from space 5632K, 99% used [0x00000000ed000000,0x00000000ed57d260,0x00000000ed580000)
  to   space 6656K, 0% used [0x00000000ef080000,0x00000000ef080000,0x00000000ef700000)
 ParOldGen       total 141312K, used 114700K [0x00000000c1400000, 0x00000000c9e00000, 0x00000000eb180000)
  object space 141312K, 81% used [0x00000000c1400000,0x00000000c84030c0,0x00000000c9e00000)
 Metaspace       used 29347K, capacity 29970K, committed 30208K, reserved 1075200K
  class space    used 3868K, capacity 4022K, committed 4096K, reserved 1048576K
Event: 7.870 GC heap after
Heap after GC invocations=9 (full 1):
 PSYoungGen      total 63488K, used 6655K [0x00000000eb180000, 0x00000000ef800000, 0x0000000100000000)
  eden space 56832K, 0% used [0x00000000eb180000,0x00000000eb180000,0x00000000ee900000)
  from space 6656K, 99% used [0x00000000ef080000,0x00000000ef6ffe70,0x00000000ef700000)
  to   space 7680K, 0% used [0x00000000ee900000,0x00000000ee900000,0x00000000ef080000)
 ParOldGen       total 141312K, used 115135K [0x00000000c1400000, 0x00000000c9e00000, 0x00000000eb180000)
  object space 141312K, 81% used [0x00000000c1400000,0x00000000c846fd48,0x00000000c9e00000)
 Metaspace       used 29347K, capacity 29970K, committed 30208K, reserved 1075200K
  class space    used 3868K, capacity 4022K, committed 4096K, reserved 1048576K
}

