# JRE version: Java(TM) SE Runtime Environment (8.0_192-b12) (build 1.8.0_192-b12)
# Java VM: Java HotSpot(TM) 64-Bit Server VM (25.192-b12 mixed mode windows-amd64 compressed oops)
Heap:
 PSYoungGen      total 119808K, used 14781K [0x00000000eb180000, 0x00000000f6b00000, 0x0000000100000000)
  eden space 107520K, 13% used [0x00000000eb180000,0x00000000ebfef4a8,0x00000000f1a80000)
  from space 12288K, 0% used [0x00000000f1a80000,0x00000000f1a80000,0x00000000f2680000)
  to   space 17408K, 0% used [0x00000000f5a00000,0x00000000f5a00000,0x00000000f6b00000)
 ParOldGen       total 173056K, used 138053K [0x00000000c1400000, 0x00000000cbd00000, 0x00000000eb180000)
  object space 173056K, 79% used [0x00000000c1400000,0x00000000c9ad16f8,0x00000000cbd00000)
 Metaspace       used 30443K, capacity 31082K, committed 31488K, reserved 1077248K
  class space    used 3887K, capacity 4026K, committed 4096K, reserved 1048576K
GC Heap History (10 events):
Event: 4.139 GC heap after
Heap after GC invocations=5 (full 0):
 PSYoungGen      total 35328K, used 2543K [0x00000000eb180000, 0x00000000efd80000, 0x0000000100000000)
  eden space 32768K, 0% used [0x00000000eb180000,0x00000000eb180000,0x00000000ed180000)
  from space 2560K, 99% used [0x00000000ed180000,0x00000000ed3fbcc8,0x00000000ed400000)
  to   space 6144K, 0% used [0x00000000ef780000,0x00000000ef780000,0x00000000efd80000)
 ParOldGen       total 125440K, used 113753K [0x00000000c1400000, 0x00000000c8e80000, 0x00000000eb180000)
  object space 125440K, 90% used [0x00000000c1400000,0x00000000c8316788,0x00000000c8e80000)
 Metaspace       used 20544K, capacity 21154K, committed 21248K, reserved 1067008K
  class space    used 2839K, capacity 2990K, committed 3072K, reserved 1048576K
}
Event: 4.139 GC heap before
{Heap before GC invocations=6 (full 1):
 PSYoungGen      total 35328K, used 2543K [0x00000000eb180000, 0x00000000efd80000, 0x0000000100000000)
  eden space 32768K, 0% used [0x00000000eb180000,0x00000000eb180000,0x00000000ed180000)
  from space 2560K, 99% used [0x00000000ed180000,0x00000000ed3fbcc8,0x00000000ed400000)
  to   space 6144K, 0% used [0x00000000ef780000,0x00000000ef780000,0x00000000efd80000)
 ParOldGen       total 125440K, used 113753K [0x00000000c1400000, 0x00000000c8e80000, 0x00000000eb180000)
  object space 125440K, 90% used [0x00000000c1400000,0x00000000c8316788,0x00000000c8e80000)
 Metaspace       used 20544K, capacity 21154K, committed 21248K, reserved 1067008K
  class space    used 2839K, capacity 2990K, committed 3072K, reserved 1048576K
Event: 4.196 GC heap after
Heap after GC invocations=6 (full 1):
 PSYoungGen      total 35328K, used 0K [0x00000000eb180000, 0x00000000efd80000, 0x0000000100000000)
  eden space 32768K, 0% used [0x00000000eb180000,0x00000000eb180000,0x00000000ed180000)
  from space 2560K, 0% used [0x00000000ed180000,0x00000000ed180000,0x00000000ed400000)
  to   space 6144K, 0% used [0x00000000ef780000,0x00000000ef780000,0x00000000efd80000)
 ParOldGen       total 141824K, used 115303K [0x00000000c1400000, 0x00000000c9e80000, 0x00000000eb180000)
  object space 141824K, 81% used [0x00000000c1400000,0x00000000c8499c48,0x00000000c9e80000)
 Metaspace       used 20544K, capacity 21154K, committed 21248K, reserved 1067008K
  class space    used 2839K, capacity 2990K, committed 3072K, reserved 1048576K
}
Event: 10.063 GC heap before
{Heap before GC invocations=7 (full 1):
 PSYoungGen      total 35328K, used 32768K [0x00000000eb180000, 0x00000000efd80000, 0x0000000100000000)
  eden space 32768K, 100% used [0x00000000eb180000,0x00000000ed180000,0x00000000ed180000)
  from space 2560K, 0% used [0x00000000ed180000,0x00000000ed180000,0x00000000ed400000)
  to   space 6144K, 0% used [0x00000000ef780000,0x00000000ef780000,0x00000000efd80000)
 ParOldGen       total 141824K, used 115303K [0x00000000c1400000, 0x00000000c9e80000, 0x00000000eb180000)
  object space 141824K, 81% used [0x00000000c1400000,0x00000000c8499c48,0x00000000c9e80000)
 Metaspace       used 26593K, capacity 27194K, committed 27264K, reserved 1073152K
  class space    used 3558K, capacity 3698K, committed 3712K, reserved 1048576K
Event: 10.075 GC heap after
Heap after GC invocations=7 (full 1):
 PSYoungGen      total 67072K, used 5964K [0x00000000eb180000, 0x00000000efd80000, 0x0000000100000000)
  eden space 60928K, 0% used [0x00000000eb180000,0x00000000eb180000,0x00000000eed00000)
  from space 6144K, 97% used [0x00000000ef780000,0x00000000efd53180,0x00000000efd80000)
  to   space 6656K, 0% used [0x00000000ef080000,0x00000000ef080000,0x00000000ef700000)
 ParOldGen       total 141824K, used 115311K [0x00000000c1400000, 0x00000000c9e80000, 0x00000000eb180000)
  object space 141824K, 81% used [0x00000000c1400000,0x00000000c849bc48,0x00000000c9e80000)
 Metaspace       used 26593K, capacity 27194K, committed 27264K, reserved 1073152K
  class space    used 3558K, capacity 3698K, committed 3712K, reserved 1048576K
}
Event: 12.368 GC heap before
{Heap before GC invocations=8 (full 1):
 PSYoungGen      total 67072K, used 66892K [0x00000000eb180000, 0x00000000efd80000, 0x0000000100000000)
  eden space 60928K, 100% used [0x00000000eb180000,0x00000000eed00000,0x00000000eed00000)
  from space 6144K, 97% used [0x00000000ef780000,0x00000000efd53180,0x00000000efd80000)
  to   space 6656K, 0% used [0x00000000ef080000,0x00000000ef080000,0x00000000ef700000)
 ParOldGen       total 141824K, used 115311K [0x00000000c1400000, 0x00000000c9e80000, 0x00000000eb180000)
  object space 141824K, 81% used [0x00000000c1400000,0x00000000c849bc48,0x00000000c9e80000)
 Metaspace       used 29452K, capacity 30072K, committed 30464K, reserved 1075200K
  class space    used 3869K, capacity 3991K, committed 4096K, reserved 1048576K
Event: 12.398 GC heap after
Heap after GC invocations=8 (full 1):
 PSYoungGen      total 71168K, used 6624K [0x00000000eb180000, 0x00000000f2f80000, 0x0000000100000000)
  eden space 64512K, 0% used [0x00000000eb180000,0x00000000eb180000,0x00000000ef080000)
  from space 6656K, 99% used [0x00000000ef080000,0x00000000ef6f8010,0x00000000ef700000)
  to   space 9216K, 0% used [0x00000000f2680000,0x00000000f2680000,0x00000000f2f80000)
 ParOldGen       total 141824K, used 117726K [0x00000000c1400000, 0x00000000c9e80000, 0x00000000eb180000)
  object space 141824K, 83% used [0x00000000c1400000,0x00000000c86f7b40,0x00000000c9e80000)
 Metaspace       used 29452K, capacity 30072K, committed 30464K, reserved 1075200K
  class space    used 3869K, capacity 3991K, committed 4096K, reserved 1048576K
}
Event: 14.730 GC heap before
{Heap before GC invocations=9 (full 1):
 PSYoungGen      total 71168K, used 71136K [0x00000000eb180000, 0x00000000f2f80000, 0x0000000100000000)
  eden space 64512K, 100% used [0x00000000eb180000,0x00000000ef080000,0x00000000ef080000)
  from space 6656K, 99% used [0x00000000ef080000,0x00000000ef6f8010,0x00000000ef700000)
  to   space 9216K, 0% used [0x00000000f2680000,0x00000000f2680000,0x00000000f2f80000)
 ParOldGen       total 141824K, used 117726K [0x00000000c1400000, 0x00000000c9e80000, 0x00000000eb180000)
  object space 141824K, 83% used [0x00000000c1400000,0x00000000c86f7b40,0x00000000c9e80000)
 Metaspace       used 29936K, capacity 30628K, committed 30976K, reserved 1077248K
  class space    used 3877K, capacity 4025K, committed 4096K, reserved 1048576K
Event: 14.760 GC heap after
Heap after GC invocations=9 (full 1):
 PSYoungGen      total 116736K, used 9200K [0x00000000eb180000, 0x00000000f3a00000, 0x0000000100000000)
  eden space 107520K, 0% used [0x00000000eb180000,0x00000000eb180000,0x00000000f1a80000)
  from space 9216K, 99% used [0x00000000f2680000,0x00000000f2f7c020,0x00000000f2f80000)
  to   space 12288K, 0% used [0x00000000f1a80000,0x00000000f1a80000,0x00000000f2680000)
 ParOldGen       total 141824K, used 122157K [0x00000000c1400000, 0x00000000c9e80000, 0x00000000eb180000)
  object space 141824K, 86% used [0x00000000c1400000,0x00000000c8b4b5c8,0x00000000c9e80000)
 Metaspace       used 29936K, capacity 30628K, committed 30976K, reserved 1077248K
  class space    used 3877K, capacity 4025K, committed 4096K, reserved 1048576K
}
Event: 18.524 GC heap before
{Heap before GC invocations=10 (full 1):
 PSYoungGen      total 116736K, used 116720K [0x00000000eb180000, 0x00000000f3a00000, 0x0000000100000000)
  eden space 107520K, 100% used [0x00000000eb180000,0x00000000f1a80000,0x00000000f1a80000)
  from space 9216K, 99% used [0x00000000f2680000,0x00000000f2f7c020,0x00000000f2f80000)
  to   space 12288K, 0% used [0x00000000f1a80000,0x00000000f1a80000,0x00000000f2680000)
 ParOldGen       total 141824K, used 122157K [0x00000000c1400000, 0x00000000c9e80000, 0x00000000eb180000)
  object space 141824K, 86% used [0x00000000c1400000,0x00000000c8b4b5c8,0x00000000c9e80000)
 Metaspace       used 30418K, capacity 31076K, committed 31488K, reserved 1077248K
  class space    used 3886K, capacity 4025K, committed 4096K, reserved 1048576K

